# JRE version: Java(TM) SE Runtime Environment (11.0.6+8) (build 11.0.6+8-LTS)
# Java VM: Java HotSpot(TM) 64-Bit Server VM (11.0.6+8-LTS, mixed mode, tiered, compressed oops, g1 gc, bsd-amd64)
Heap:
 garbage-first heap   total 315392K, used 65257K [0x0000000700000000, 0x0000000800000000)
  region size 1024K, 57 young (58368K), 8 survivors (8192K)
 Metaspace       used 34645K, capacity 35698K, committed 35888K, reserved 1081344K
  class space    used 4249K, capacity 4673K, committed 4736K, reserved 1048576K
GC Heap History (10 events):
Event: 1.480 GC heap before
{Heap before GC invocations=2 (full 0):
 garbage-first heap   total 262144K, used 34185K [0x0000000700000000, 0x0000000800000000)
  region size 1024K, 27 young (27648K), 1 survivors (1024K)
 Metaspace       used 15509K, capacity 16012K, committed 16256K, reserved 1062912K
  class space    used 1651K, capacity 1817K, committed 1920K, reserved 1048576K
}
Event: 1.484 GC heap after
{Heap after GC invocations=3 (full 0):
 garbage-first heap   total 262144K, used 10367K [0x0000000700000000, 0x0000000800000000)
  region size 1024K, 3 young (3072K), 3 survivors (3072K)
 Metaspace       used 15509K, capacity 16012K, committed 16256K, reserved 1062912K
  class space    used 1651K, capacity 1817K, committed 1920K, reserved 1048576K
}
Event: 1.521 GC heap before
{Heap before GC invocations=3 (full 0):
 garbage-first heap   total 262144K, used 47231K [0x0000000700000000, 0x0000000800000000)
  region size 1024K, 40 young (40960K), 3 survivors (3072K)
 Metaspace       used 15604K, capacity 16097K, committed 16256K, reserved 1062912K
  class space    used 1664K, capacity 1824K, committed 1920K, reserved 1048576K
}
Event: 1.525 GC heap after
{Heap after GC invocations=4 (full 0):
 garbage-first heap   total 262144K, used 10351K [0x0000000700000000, 0x0000000800000000)
  region size 1024K, 2 young (2048K), 2 survivors (2048K)
 Metaspace       used 15604K, capacity 16097K, committed 16256K, reserved 1062912K
  class space    used 1664K, capacity 1824K, committed 1920K, reserved 1048576K
}
Event: 1.820 GC heap before
{Heap before GC invocations=4 (full 0):
 garbage-first heap   total 262144K, used 52335K [0x0000000700000000, 0x0000000800000000)
  region size 1024K, 45 young (46080K), 2 survivors (2048K)
 Metaspace       used 20522K, capacity 21096K, committed 21296K, reserved 1069056K
  class space    used 2361K, capacity 2602K, committed 2688K, reserved 1048576K
}
Event: 1.825 GC heap after
{Heap after GC invocations=5 (full 0):
 garbage-first heap   total 262144K, used 11544K [0x0000000700000000, 0x0000000800000000)
  region size 1024K, 3 young (3072K), 3 survivors (3072K)
 Metaspace       used 20522K, capacity 21096K, committed 21296K, reserved 1069056K
  class space    used 2361K, capacity 2602K, committed 2688K, reserved 1048576K
}
Event: 2.519 GC heap before
{Heap before GC invocations=6 (full 0):
 garbage-first heap   total 262144K, used 77080K [0x0000000700000000, 0x0000000800000000)
  region size 1024K, 68 young (69632K), 3 survivors (3072K)
 Metaspace       used 27967K, capacity 28786K, committed 28976K, reserved 1075200K
  class space    used 3324K, capacity 3658K, committed 3712K, reserved 1048576K
}
Event: 2.530 GC heap after
{Heap after GC invocations=7 (full 0):
 garbage-first heap   total 315392K, used 13988K [0x0000000700000000, 0x0000000800000000)
  region size 1024K, 6 young (6144K), 6 survivors (6144K)
 Metaspace       used 27967K, capacity 28786K, committed 28976K, reserved 1075200K
  class space    used 3324K, capacity 3658K, committed 3712K, reserved 1048576K
}
Event: 3.399 GC heap before
{Heap before GC invocations=7 (full 0):
 garbage-first heap   total 315392K, used 111268K [0x0000000700000000, 0x0000000800000000)
  region size 1024K, 102 young (104448K), 6 survivors (6144K)
 Metaspace       used 30972K, capacity 31965K, committed 32304K, reserved 1077248K
  class space    used 3725K, capacity 4135K, committed 4224K, reserved 1048576K
}
Event: 3.407 GC heap after
{Heap after GC invocations=8 (full 0):
 garbage-first heap   total 315392K, used 16105K [0x0000000700000000, 0x0000000800000000)
  region size 1024K, 8 young (8192K), 8 survivors (8192K)
 Metaspace       used 30972K, capacity 31965K, committed 32304K, reserved 1077248K
  class space    used 3725K, capacity 4135K, committed 4224K, reserved 1048576K
}

